[2022-02-16 21:01:09,961: INFO/MainProcess] Connected to redis://redis:6379/0
[2022-02-16 21:01:09,965: INFO/MainProcess] mingle: searching for neighbors
[2022-02-16 21:01:10,977: INFO/MainProcess] mingle: all alone
[2022-02-16 21:01:10,994: INFO/MainProcess] celery@f9921f0e0b83 ready.
[2022-02-16 21:01:23,349: INFO/MainProcess] Task create_task[ceb6cffc-e426-4970-a5df-5a1fac4478cc] received
[2022-02-16 21:01:33,378: INFO/ForkPoolWorker-7] Task create_task[ceb6cffc-e426-4970-a5df-5a1fac4478cc] succeeded in 10.025073800003156s: True
[2022-02-16 21:05:56,474: INFO/MainProcess] Connected to redis://redis:6379/0
[2022-02-16 21:05:56,480: INFO/MainProcess] mingle: searching for neighbors
[2022-02-16 21:05:57,496: INFO/MainProcess] mingle: all alone
[2022-02-16 21:05:57,524: INFO/MainProcess] celery@ccd05c900b23 ready.
[2022-02-16 21:08:15,587: INFO/MainProcess] Connected to redis://redis:6379/0
[2022-02-16 21:08:15,591: INFO/MainProcess] mingle: searching for neighbors
[2022-02-16 21:08:16,602: INFO/MainProcess] mingle: all alone
[2022-02-16 21:08:16,619: INFO/MainProcess] celery@fd59f8fcf248 ready.
[2022-02-16 21:08:21,102: INFO/MainProcess] Events of group {task} enabled by remote.
[2022-02-16 21:09:17,007: INFO/MainProcess] Task create_task[63dd73eb-9eda-4fc7-8c04-dcf852c187ca] received
[2022-02-16 21:09:18,598: INFO/MainProcess] Task create_task[1be3d2fe-dd51-42e4-b2e5-9d6fd9d511a8] received
[2022-02-16 21:09:20,353: INFO/MainProcess] Task create_task[da68bdeb-d052-4149-8417-699740187498] received
[2022-02-16 21:09:21,683: INFO/MainProcess] Task create_task[9e367cd1-81f6-4b6c-aab7-336b2eb42026] received
[2022-02-16 21:09:22,367: INFO/MainProcess] Task create_task[ba55016e-8eb8-41b8-9c11-884b4ea71113] received
[2022-02-16 21:09:23,023: INFO/MainProcess] Task create_task[55ee8b9d-bd28-477d-94f3-16539392cad0] received
[2022-02-16 21:09:27,019: INFO/ForkPoolWorker-7] Task create_task[63dd73eb-9eda-4fc7-8c04-dcf852c187ca] succeeded in 10.007605899998453s: True
[2022-02-16 21:09:31,702: INFO/ForkPoolWorker-2] Task create_task[9e367cd1-81f6-4b6c-aab7-336b2eb42026] succeeded in 10.01563239999814s: True
[2022-02-16 21:09:32,389: INFO/ForkPoolWorker-3] Task create_task[ba55016e-8eb8-41b8-9c11-884b4ea71113] succeeded in 10.017498500004876s: True
[2022-02-16 21:09:33,046: INFO/ForkPoolWorker-4] Task create_task[55ee8b9d-bd28-477d-94f3-16539392cad0] succeeded in 10.018922599963844s: True
[2022-02-16 21:09:38,591: INFO/ForkPoolWorker-8] Task create_task[1be3d2fe-dd51-42e4-b2e5-9d6fd9d511a8] succeeded in 20.023398499994073s: True
[2022-02-16 21:09:50,355: INFO/ForkPoolWorker-1] Task create_task[da68bdeb-d052-4149-8417-699740187498] succeeded in 30.032274500001222s: True
[2022-02-16 21:10:02,365: INFO/MainProcess] Connected to redis://redis:6379/0
[2022-02-16 21:10:02,370: INFO/MainProcess] mingle: searching for neighbors
[2022-02-16 21:10:02,608: INFO/MainProcess] Connected to redis://redis:6379/0
[2022-02-16 21:10:02,614: INFO/MainProcess] mingle: searching for neighbors
[2022-02-16 21:10:02,613: INFO/MainProcess] Connected to redis://redis:6379/0
[2022-02-16 21:10:02,619: INFO/MainProcess] mingle: searching for neighbors
[2022-02-16 21:10:03,389: INFO/MainProcess] mingle: all alone
[2022-02-16 21:10:03,406: INFO/MainProcess] celery@f4816d6c1e17 ready.
[2022-02-16 21:10:03,626: INFO/MainProcess] mingle: all alone
[2022-02-16 21:10:03,630: INFO/MainProcess] mingle: all alone
[2022-02-16 21:10:03,644: INFO/MainProcess] celery@d061bc3bb074 ready.
[2022-02-16 21:10:03,646: INFO/MainProcess] celery@d1c806a2199b ready.
[2022-02-16 21:10:05,805: INFO/MainProcess] Task create_task[82ec16fb-6293-49b9-b7c9-6a1b560586dd] received
[2022-02-16 21:10:06,582: INFO/MainProcess] Task create_task[4f33b939-e849-4354-9012-77d715e6eae4] received
[2022-02-16 21:10:07,837: INFO/MainProcess] Task create_task[b3b2d236-a5d8-4427-880b-8db437a75feb] received
[2022-02-16 21:10:08,080: INFO/MainProcess] Events of group {task} enabled by remote.
[2022-02-16 21:10:08,080: INFO/MainProcess] Events of group {task} enabled by remote.
[2022-02-16 21:10:08,080: INFO/MainProcess] Events of group {task} enabled by remote.
[2022-02-16 21:10:10,526: INFO/MainProcess] Task create_task[00ec388c-ba20-47d2-9867-0724c7034c38] received
[2022-02-16 21:10:11,609: INFO/MainProcess] Task create_task[d10baa54-d5b9-4de3-90a5-bac9f09f482e] received
[2022-02-16 21:10:13,186: INFO/MainProcess] Task create_task[081fce78-9dec-44ca-a844-0e7a6d2dc298] received
[2022-02-16 21:10:14,346: INFO/MainProcess] Task create_task[725b9225-819c-4f3c-9a00-6653e76637a4] received
[2022-02-16 21:10:15,790: INFO/ForkPoolWorker-7] Task create_task[82ec16fb-6293-49b9-b7c9-6a1b560586dd] succeeded in 10.015644100029022s: True
[2022-02-16 21:10:16,565: INFO/ForkPoolWorker-7] Task create_task[4f33b939-e849-4354-9012-77d715e6eae4] succeeded in 10.014254699985031s: True
[2022-02-16 21:10:17,826: INFO/ForkPoolWorker-8] Task create_task[b3b2d236-a5d8-4427-880b-8db437a75feb] succeeded in 10.019260900036898s: True
[2022-02-16 21:10:25,805: INFO/MainProcess] Task create_task[d8d27dc7-5af0-4b52-b178-99a4aa660718] received
[2022-02-16 21:10:29,288: INFO/MainProcess] Task create_task[4a808dd4-d97e-49ef-b7b0-2185c0fab210] received
[2022-02-16 21:10:30,561: INFO/ForkPoolWorker-8] Task create_task[00ec388c-ba20-47d2-9867-0724c7034c38] succeeded in 20.03153660002863s: True
[2022-02-16 21:10:31,044: INFO/MainProcess] Task create_task[006f4446-f544-45d3-842f-5829a10ac502] received
[2022-02-16 21:10:31,641: INFO/ForkPoolWorker-7] Task create_task[d10baa54-d5b9-4de3-90a5-bac9f09f482e] succeeded in 20.027840199996717s: True
[2022-02-16 21:10:34,376: INFO/ForkPoolWorker-1] Task create_task[725b9225-819c-4f3c-9a00-6653e76637a4] succeeded in 20.026221800013445s: True
[2022-02-16 21:10:35,824: INFO/ForkPoolWorker-7] Task create_task[d8d27dc7-5af0-4b52-b178-99a4aa660718] succeeded in 10.01432030001888s: True
[2022-02-16 21:10:41,030: INFO/ForkPoolWorker-2] Task create_task[006f4446-f544-45d3-842f-5829a10ac502] succeeded in 10.017253800004255s: True
[2022-02-16 21:10:43,183: INFO/ForkPoolWorker-8] Task create_task[081fce78-9dec-44ca-a844-0e7a6d2dc298] succeeded in 30.025924300018232s: True
[2022-02-16 21:11:19,171: INFO/MainProcess] Connected to redis://redis:6379/0
[2022-02-16 21:11:19,174: INFO/MainProcess] mingle: searching for neighbors
[2022-02-16 21:11:20,187: INFO/MainProcess] mingle: all alone
[2022-02-16 21:11:20,203: INFO/MainProcess] celery@896d86af2108 ready.
[2022-02-16 21:11:24,671: INFO/MainProcess] Events of group {task} enabled by remote.
[2022-02-16 21:14:10,145: INFO/MainProcess] Task create_task[4ecddb30-35c8-4399-9f14-8bd532ef74b7] received
[2022-02-16 21:14:10,152: INFO/ForkPoolWorker-7] Task create_task[4ecddb30-35c8-4399-9f14-8bd532ef74b7] succeeded in 0.004089999943971634s: True
[2022-02-16 21:15:22,495: INFO/MainProcess] Task create_task[bf4fb287-e4f2-424d-bbf8-da4a064c91b8] received
[2022-02-16 21:15:22,499: INFO/ForkPoolWorker-7] Task create_task[bf4fb287-e4f2-424d-bbf8-da4a064c91b8] succeeded in 0.000928599969483912s: True
[2022-02-16 21:27:34,065: INFO/MainProcess] Connected to redis://redis:6379/0
[2022-02-16 21:27:34,071: INFO/MainProcess] mingle: searching for neighbors
[2022-02-16 21:27:35,083: INFO/MainProcess] mingle: all alone
[2022-02-16 21:27:35,099: INFO/MainProcess] celery@497fce8c9606 ready.
[2022-02-16 21:27:39,514: INFO/MainProcess] Events of group {task} enabled by remote.
[2022-02-16 21:28:20,282: INFO/MainProcess] Connected to redis://redis:6379/0
[2022-02-16 21:28:20,286: INFO/MainProcess] mingle: searching for neighbors
[2022-02-16 21:28:21,297: INFO/MainProcess] mingle: all alone
[2022-02-16 21:28:21,313: INFO/MainProcess] celery@8374b135e841 ready.
[2022-02-16 21:28:25,769: INFO/MainProcess] Events of group {task} enabled by remote.
[2022-02-16 21:28:39,261: INFO/MainProcess] Task create_task[393545d9-fd90-49d9-8f9d-ed0ef4cd7aec] received
[2022-02-16 21:28:49,280: INFO/ForkPoolWorker-7] Task create_task[393545d9-fd90-49d9-8f9d-ed0ef4cd7aec] succeeded in 10.01493579999078s: True
[2022-02-16 21:29:26,493: INFO/MainProcess] Task create_task[d39c559e-0e3e-4de7-91dc-7f2ef898fa68] received
[2022-02-16 21:29:26,498: INFO/ForkPoolWorker-7] Task create_task[d39c559e-0e3e-4de7-91dc-7f2ef898fa68] succeeded in 0.0014217999996617436s: True
[2022-10-28 11:15:25,075: INFO/MainProcess] Connected to redis://redis:6379/0
[2022-10-28 11:15:25,081: INFO/MainProcess] mingle: searching for neighbors
[2022-10-28 11:15:26,092: INFO/MainProcess] mingle: all alone
[2022-10-28 11:15:26,106: INFO/MainProcess] celery@5a3d75171a7e ready.
[2022-10-28 11:15:30,195: INFO/MainProcess] Events of group {task} enabled by remote.
[2022-10-28 11:15:51,366: INFO/MainProcess] Task create_task[e620fafb-e2e1-443c-b78f-4a9829808b2e] received
[2022-10-28 11:16:01,379: INFO/ForkPoolWorker-1] Task create_task[e620fafb-e2e1-443c-b78f-4a9829808b2e] succeeded in 10.009471888999997s: True
[2022-10-28 11:16:21,300: INFO/MainProcess] Task create_task[afc86fd7-2a54-46d6-9f6e-0eb9363c050f] received
[2022-10-28 11:16:41,302: INFO/ForkPoolWorker-1] Task create_task[afc86fd7-2a54-46d6-9f6e-0eb9363c050f] succeeded in 20.022342609000006s: True
[2022-10-28 12:21:33,551: INFO/MainProcess] Task create_task[bdeaa76f-54cd-4484-99ba-518be7ceaa7c] received
[2022-10-28 12:21:33,823: INFO/MainProcess] Task create_task[0709db61-8a15-4bb9-a05c-932b4648cfca] received
[2022-10-28 12:21:34,195: INFO/MainProcess] Task create_task[4c386548-cac6-44e0-a6df-699987ed4396] received
[2022-10-28 12:21:34,507: INFO/MainProcess] Task create_task[fd4dc70a-c4fa-4bf2-bf03-c45701d0d79c] received
[2022-10-28 12:21:34,822: INFO/MainProcess] Task create_task[5a6fbdc7-f6e2-4deb-9999-39fc51d1c1fa] received
[2022-10-28 12:21:35,139: INFO/MainProcess] Task create_task[3a4879b8-58d9-4f4f-9f90-d3aa8fae8e6d] received
[2022-10-28 12:21:35,424: INFO/MainProcess] Task create_task[fe7efde7-f056-4243-bedf-11d7bc92e231] received
[2022-10-28 12:21:44,225: INFO/ForkPoolWorker-2] Task create_task[4c386548-cac6-44e0-a6df-699987ed4396] succeeded in 10.022415583000111s: True
[2022-10-28 12:21:53,585: INFO/ForkPoolWorker-1] Task create_task[bdeaa76f-54cd-4484-99ba-518be7ceaa7c] succeeded in 20.024666744000115s: True
[2022-10-28 12:21:54,243: INFO/ForkPoolWorker-2] Task create_task[5a6fbdc7-f6e2-4deb-9999-39fc51d1c1fa] succeeded in 10.012278770000194s: True
[2022-10-28 12:21:54,534: INFO/ForkPoolWorker-4] Task create_task[fd4dc70a-c4fa-4bf2-bf03-c45701d0d79c] succeeded in 20.021301202999894s: True
[2022-10-28 12:22:03,866: INFO/ForkPoolWorker-3] Task create_task[0709db61-8a15-4bb9-a05c-932b4648cfca] succeeded in 30.031978999999865s: True
[2022-10-28 12:22:13,596: INFO/ForkPoolWorker-1] Task create_task[3a4879b8-58d9-4f4f-9f90-d3aa8fae8e6d] succeeded in 20.001622937999855s: True
[2022-10-28 12:22:24,285: INFO/ForkPoolWorker-2] Task create_task[fe7efde7-f056-4243-bedf-11d7bc92e231] succeeded in 30.033490529999654s: True
[2022-10-31 10:38:32,727: INFO/MainProcess] Connected to redis://redis:6379/0
[2022-10-31 10:38:32,731: INFO/MainProcess] mingle: searching for neighbors
[2022-10-31 10:38:33,743: INFO/MainProcess] mingle: all alone
[2022-10-31 10:38:33,767: INFO/MainProcess] celery@5a6167fa8104 ready.
[2022-10-31 10:38:37,599: INFO/MainProcess] Events of group {task} enabled by remote.
[2022-10-31 10:38:42,641: INFO/MainProcess] Task create_task[06438bd7-1bcd-42fc-9d6e-ccea46a5b34c] received
[2022-10-31 10:38:52,665: INFO/ForkPoolWorker-1] Task create_task[06438bd7-1bcd-42fc-9d6e-ccea46a5b34c] succeeded in 10.01649638300296s: True
[2022-10-31 10:39:56,784: INFO/MainProcess] Task create_task[a81686bb-d925-4d3f-b9eb-7c7598824977] received
[2022-10-31 10:39:57,345: INFO/MainProcess] Task create_task[4ef05924-5639-4e56-b417-96e4b720ef70] received
[2022-10-31 10:39:57,857: INFO/MainProcess] Task create_task[af3bdb34-253f-466c-b5d7-f034d234f556] received
[2022-10-31 10:39:58,357: INFO/MainProcess] Task create_task[e2296e53-a113-4c89-9cc9-e1b896e3bdb7] received
[2022-10-31 10:39:58,878: INFO/MainProcess] Task create_task[0877162e-1bfb-4360-9d79-aa5b6cd4ac45] received
[2022-10-31 10:40:07,885: INFO/ForkPoolWorker-2] Task create_task[af3bdb34-253f-466c-b5d7-f034d234f556] succeeded in 10.021655720000126s: True
[2022-10-31 10:40:16,811: INFO/ForkPoolWorker-1] Task create_task[a81686bb-d925-4d3f-b9eb-7c7598824977] succeeded in 20.021568570002273s: True
[2022-10-31 10:40:18,396: INFO/ForkPoolWorker-4] Task create_task[e2296e53-a113-4c89-9cc9-e1b896e3bdb7] succeeded in 20.03136625800107s: True
[2022-10-31 10:40:27,393: INFO/ForkPoolWorker-3] Task create_task[4ef05924-5639-4e56-b417-96e4b720ef70] succeeded in 30.040476545000274s: True
[2022-10-31 10:40:37,929: INFO/ForkPoolWorker-2] Task create_task[0877162e-1bfb-4360-9d79-aa5b6cd4ac45] succeeded in 30.03590892599823s: True
